 - - [21/Apr/2025:16:20:35 +0000] "GET / HTTP/1.0" 200 908 "-" "Mozilla/5.0 (Macintosh; Intel Mac OS X 10.15; rv:137.0) Gecko/20100101 Firefox/137.0"
 - - [21/Apr/2025:16:20:37 +0000] "GET / HTTP/1.0" 200 908 "https://otsussman.com/" "Mozilla/5.0 (Macintosh; Intel Mac OS X 10.15; rv:137.0) Gecko/20100101 Firefox/137.0"
 - - [21/Apr/2025:16:20:37 +0000] "GET / HTTP/1.0" 200 908 "https://otsussman.com/" "Mozilla/5.0 (Macintosh; Intel Mac OS X 10.15; rv:137.0) Gecko/20100101 Firefox/137.0"
 - - [21/Apr/2025:16:20:39 +0000] "GET /portfolio/ HTTP/1.0" 200 1435 "https://otsussman.com/" "Mozilla/5.0 (Macintosh; Intel Mac OS X 10.15; rv:137.0) Gecko/20100101 Firefox/137.0"
 - - [21/Apr/2025:16:20:44 +0000] "GET /admin HTTP/1.0" 301 0 "-" "Mozilla/5.0 (Macintosh; Intel Mac OS X 10.15; rv:137.0) Gecko/20100101 Firefox/137.0"
 - - [21/Apr/2025:16:20:45 +0000] "GET /admin/ HTTP/1.0" 302 0 "-" "Mozilla/5.0 (Macintosh; Intel Mac OS X 10.15; rv:137.0) Gecko/20100101 Firefox/137.0"
 - - [21/Apr/2025:16:20:45 +0000] "GET /admin/login/?next=/admin/ HTTP/1.0" 200 4184 "-" "Mozilla/5.0 (Macintosh; Intel Mac OS X 10.15; rv:137.0) Gecko/20100101 Firefox/137.0"
 - - [21/Apr/2025:16:21:04 +0000] "GET /portfolio/ HTTP/1.0" 200 1435 "https://otsussman.com/portfolio/" "Mozilla/5.0 (Macintosh; Intel Mac OS X 10.15; rv:137.0) Gecko/20100101 Firefox/137.0"
 - - [21/Apr/2025:16:21:05 +0000] "GET /about/ HTTP/1.0" 200 918 "https://otsussman.com/portfolio/" "Mozilla/5.0 (Macintosh; Intel Mac OS X 10.15; rv:137.0) Gecko/20100101 Firefox/137.0"
 - - [21/Apr/2025:16:21:07 +0000] "GET /contact/ HTTP/1.0" 500 70284 "https://otsussman.com/about/" "Mozilla/5.0 (Macintosh; Intel Mac OS X 10.15; rv:137.0) Gecko/20100101 Firefox/137.0"
 - - [21/Apr/2025:16:21:18 +0000] "GET / HTTP/1.0" 200 908 "https://otsussman.com/about/" "Mozilla/5.0 (Macintosh; Intel Mac OS X 10.15; rv:137.0) Gecko/20100101 Firefox/137.0"
 - - [21/Apr/2025:16:21:24 +0000] "GET /admin/ HTTP/1.0" 302 0 "-" "Mozilla/5.0 (Macintosh; Intel Mac OS X 10.15; rv:137.0) Gecko/20100101 Firefox/137.0"
 - - [21/Apr/2025:16:21:24 +0000] "GET /admin/login/?next=/admin/ HTTP/1.0" 200 4184 "-" "Mozilla/5.0 (Macintosh; Intel Mac OS X 10.15; rv:137.0) Gecko/20100101 Firefox/137.0"
 - - [21/Apr/2025:16:22:09 +0000] "GET / HTTP/1.0" 200 908 "-" "Mozilla/5.0 (X11; Linux x86_64) AppleWebKit/537.36 (KHTML, like Gecko) HeadlessChrome/125.0.6422.60 Safari/537.36"
 - - [21/Apr/2025:16:22:29 +0000] "HEAD / HTTP/1.0" 200 908 "-" "Mozilla/5.0 (Windows NT 10.0; Win64; x64) AppleWebKit/537.36 (KHTML, like Gecko) Chrome/58.0.3029.110 Safari/537.3"
 - - [21/Apr/2025:16:22:30 +0000] "HEAD / HTTP/1.0" 200 908 "-" "Mozilla/5.0 (Windows NT 10.0; Win64; x64) AppleWebKit/537.36 (KHTML, like Gecko) Chrome/58.0.3029.110 Safari/537.3"
 - - [21/Apr/2025:16:22:33 +0000] "GET /merchant/z/payment/?order=1 HTTP/1.0" 404 3720 "-" "Mozilla/5.0 (Windows NT 10.0; Win64; x64) AppleWebKit/537.36 (KHTML, like Gecko) Chrome/94.0.4606.61 Safari/537.36"
 - - [21/Apr/2025:16:22:34 +0000] "GET /merchant/z/payment/?order=1 HTTP/1.0" 404 3720 "-" "Mozilla/5.0 (Windows NT 10.0; Win64; x64) AppleWebKit/537.36 (KHTML, like Gecko) Chrome/94.0.4606.61 Safari/537.36"
 - - [21/Apr/2025:16:22:35 +0000] "GET /merchant/code HTTP/1.0" 404 3694 "-" "Mozilla/5.0 (Windows NT 10.0; Win64; x64) AppleWebKit/537.36 (KHTML, like Gecko) Chrome/94.0.4606.61 Safari/537.36"
 - - [21/Apr/2025:16:22:36 +0000] "GET /merchant/code HTTP/1.0" 404 3694 "-" "Mozilla/5.0 (Windows NT 10.0; Win64; x64) AppleWebKit/537.36 (KHTML, like Gecko) Chrome/94.0.4606.61 Safari/537.36"
 - - [21/Apr/2025:16:22:37 +0000] "GET /3ds.php HTTP/1.0" 404 3676 "-" "Mozilla/5.0 (Windows NT 10.0; Win64; x64) AppleWebKit/537.36 (KHTML, like Gecko) Chrome/94.0.4606.61 Safari/537.36"
 - - [21/Apr/2025:16:22:38 +0000] "GET /3ds.php HTTP/1.0" 404 3676 "-" "Mozilla/5.0 (Windows NT 10.0; Win64; x64) AppleWebKit/537.36 (KHTML, like Gecko) Chrome/94.0.4606.61 Safari/537.36"
 - - [21/Apr/2025:16:22:39 +0000] "GET /3ds1633693954432212 HTTP/1.0" 404 3712 "-" "Mozilla/5.0 (Windows NT 10.0; Win64; x64) AppleWebKit/537.36 (KHTML, like Gecko) Chrome/94.0.4606.61 Safari/537.36"
 - - [21/Apr/2025:16:22:40 +0000] "GET /3ds1633693954432212 HTTP/1.0" 404 3712 "-" "Mozilla/5.0 (Windows NT 10.0; Win64; x64) AppleWebKit/537.36 (KHTML, like Gecko) Chrome/94.0.4606.61 Safari/537.36"
 - - [21/Apr/2025:16:22:44 +0000] "GET / HTTP/1.0" 200 908 "-" "Mozilla/5.0 (X11; Linux x86_64) AppleWebKit/537.36 (KHTML, like Gecko) HeadlessChrome/134.0.6998.35 Safari/537.36"
 - - [21/Apr/2025:16:23:04 +0000] "GET /admin/login/?next=/admin/ HTTP/1.0" 200 4184 "-" "Mozilla/5.0 (Macintosh; Intel Mac OS X 10.15; rv:137.0) Gecko/20100101 Firefox/137.0"
 - - [21/Apr/2025:16:23:05 +0000] "GET /admin/login/?next=/admin/ HTTP/1.0" 200 4184 "-" "Mozilla/5.0 (Macintosh; Intel Mac OS X 10.15; rv:137.0) Gecko/20100101 Firefox/137.0"
 - - [21/Apr/2025:16:23:06 +0000] "GET /admin/login/?next=/admin/ HTTP/1.0" 200 4184 "-" "Mozilla/5.0 (Macintosh; Intel Mac OS X 10.15; rv:137.0) Gecko/20100101 Firefox/137.0"
 - - [21/Apr/2025:16:23:22 +0000] "GET /admin/login/?next=/admin/ HTTP/1.0" 200 4184 "-" "Mozilla/5.0 (Macintosh; Intel Mac OS X 10.15; rv:137.0) Gecko/20100101 Firefox/137.0"
 - - [21/Apr/2025:16:23:24 +0000] "GET /admin/login/?next=/admin/ HTTP/1.0" 200 4184 "-" "Mozilla/5.0 (Macintosh; Intel Mac OS X 10.15; rv:137.0) Gecko/20100101 Firefox/137.0"
 - - [21/Apr/2025:16:23:25 +0000] "GET /admin/login/?next=/admin/ HTTP/1.0" 200 4184 "-" "Mozilla/5.0 (Macintosh; Intel Mac OS X 10.15; rv:137.0) Gecko/20100101 Firefox/137.0"
 - - [21/Apr/2025:16:23:27 +0000] "GET /admin/ HTTP/1.0" 302 0 "-" "Mozilla/5.0 (Macintosh; Intel Mac OS X 10.15; rv:137.0) Gecko/20100101 Firefox/137.0"
 - - [21/Apr/2025:16:23:27 +0000] "GET /admin/login/?next=/admin/ HTTP/1.0" 200 4184 "-" "Mozilla/5.0 (Macintosh; Intel Mac OS X 10.15; rv:137.0) Gecko/20100101 Firefox/137.0"
 - - [21/Apr/2025:16:23:33 +0000] "GET /admin/ HTTP/1.0" 302 0 "https://otsussman.com/admin/login/?next=/admin/" "Mozilla/5.0 (Macintosh; Intel Mac OS X 10.15; rv:137.0) Gecko/20100101 Firefox/137.0"
 - - [21/Apr/2025:16:23:33 +0000] "GET /admin/login/?next=/admin/ HTTP/1.0" 200 4184 "https://otsussman.com/admin/login/?next=/admin/" "Mozilla/5.0 (Macintosh; Intel Mac OS X 10.15; rv:137.0) Gecko/20100101 Firefox/137.0"
 - - [21/Apr/2025:16:23:34 +0000] "GET /admin/ HTTP/1.0" 302 0 "https://otsussman.com/admin/login/?next=/admin/" "Mozilla/5.0 (Macintosh; Intel Mac OS X 10.15; rv:137.0) Gecko/20100101 Firefox/137.0"
 - - [21/Apr/2025:16:23:34 +0000] "GET /admin/login/?next=/admin/ HTTP/1.0" 200 4184 "https://otsussman.com/admin/login/?next=/admin/" "Mozilla/5.0 (Macintosh; Intel Mac OS X 10.15; rv:137.0) Gecko/20100101 Firefox/137.0"
 - - [21/Apr/2025:16:23:57 +0000] "GET /admin/login/?next=/admin/ HTTP/1.0" 200 4184 "https://otsussman.com/admin/login/?next=/admin/" "Mozilla/5.0 (Macintosh; Intel Mac OS X 10.15; rv:137.0) Gecko/20100101 Firefox/137.0"
 - - [21/Apr/2025:16:24:20 +0000] "GET /admin/login/?next=/admin/ HTTP/1.0" 200 4184 "https://otsussman.com/admin/login/?next=/admin/" "Mozilla/5.0 (Macintosh; Intel Mac OS X 10.15; rv:137.0) Gecko/20100101 Firefox/137.0"
 - - [21/Apr/2025:16:24:21 +0000] "GET /admin/login/?next=/admin/ HTTP/1.0" 200 4184 "https://otsussman.com/admin/login/?next=/admin/" "Mozilla/5.0 (Macintosh; Intel Mac OS X 10.15; rv:137.0) Gecko/20100101 Firefox/137.0"
 - - [21/Apr/2025:16:24:24 +0000] "GET /post/2143/ HTTP/1.0" 400 143 "-" "Mozilla/5.0 (Linux; Android 6.0.1; Nexus 5X Build/MMB29P) AppleWebKit/537.36 (KHTML, like Gecko) Chrome/135.0.7049.95 Mobile Safari/537.36 (compatible; Googlebot/2.1; +http://www.google.com/bot.html)"
 - - [21/Apr/2025:16:24:59 +0000] "GET /admin/login/?next=/admin/ HTTP/1.0" 200 4184 "https://otsussman.com/admin/login/?next=/admin/" "Mozilla/5.0 (Macintosh; Intel Mac OS X 10.15; rv:137.0) Gecko/20100101 Firefox/137.0"
 - - [21/Apr/2025:16:25:47 +0000] "GET /post/2114/ HTTP/1.0" 400 143 "-" "Mozilla/5.0 (Linux; Android 6.0.1; Nexus 5X Build/MMB29P) AppleWebKit/537.36 (KHTML, like Gecko) Chrome/135.0.7049.95 Mobile Safari/537.36 (compatible; Googlebot/2.1; +http://www.google.com/bot.html)"
 - - [21/Apr/2025:16:26:44 +0000] "GET /admin/login/?next=/admin/ HTTP/1.0" 200 4184 "https://otsussman.com/admin/login/?next=/admin/" "Mozilla/5.0 (Macintosh; Intel Mac OS X 10.15; rv:137.0) Gecko/20100101 Firefox/137.0"
 - - [21/Apr/2025:16:28:54 +0000] "GET /apple-touch-icon.png HTTP/1.0" 404 179 "-" "com.apple.WebKit.Networking/19616.2.9.11.12 CFNetwork/1485 Darwin/23.1.0"
 - - [21/Apr/2025:16:28:54 +0000] "GET /apple-touch-icon-precomposed.png HTTP/1.0" 404 179 "-" "com.apple.WebKit.Networking/19616.2.9.11.12 CFNetwork/1485 Darwin/23.1.0"
 - - [21/Apr/2025:16:28:54 +0000] "GET /admin HTTP/1.0" 301 0 "-" "Mozilla/5.0 (Macintosh; Intel Mac OS X 10_11_1) AppleWebKit/601.2.4 (KHTML, like Gecko) Version/9.0.1 Safari/601.2.4 facebookexternalhit/1.1 Facebot Twitterbot/1.0"
 - - [21/Apr/2025:16:28:54 +0000] "GET /admin/ HTTP/1.0" 302 0 "-" "Mozilla/5.0 (Macintosh; Intel Mac OS X 10_11_1) AppleWebKit/601.2.4 (KHTML, like Gecko) Version/9.0.1 Safari/601.2.4 facebookexternalhit/1.1 Facebot Twitterbot/1.0"
 - - [21/Apr/2025:16:28:54 +0000] "GET /admin/login/?next=/admin/ HTTP/1.0" 200 4184 "-" "Mozilla/5.0 (Macintosh; Intel Mac OS X 10_11_1) AppleWebKit/601.2.4 (KHTML, like Gecko) Version/9.0.1 Safari/601.2.4 facebookexternalhit/1.1 Facebot Twitterbot/1.0"
 - - [21/Apr/2025:16:29:09 +0000] "GET /admin/login/?next=/admin/ HTTP/1.0" 200 4184 "-" "Mozilla/5.0 (Macintosh; Intel Mac OS X 10.15; rv:137.0) Gecko/20100101 Firefox/137.0"
 - - [21/Apr/2025:16:29:12 +0000] "GET / HTTP/1.0" 200 908 "-" "Mozilla/5.0 (Macintosh; Intel Mac OS X 10.15; rv:137.0) Gecko/20100101 Firefox/137.0"
 - - [21/Apr/2025:16:29:15 +0000] "GET /portfolio/ HTTP/1.0" 200 1435 "https://otsussman.com/" "Mozilla/5.0 (Macintosh; Intel Mac OS X 10.15; rv:137.0) Gecko/20100101 Firefox/137.0"
 - - [21/Apr/2025:16:29:19 +0000] "GET /admin/ HTTP/1.0" 302 0 "-" "Mozilla/5.0 (Macintosh; Intel Mac OS X 10.15; rv:137.0) Gecko/20100101 Firefox/137.0"
 - - [21/Apr/2025:16:29:20 +0000] "GET /admin/login/?next=/admin/ HTTP/1.0" 200 4184 "-" "Mozilla/5.0 (Macintosh; Intel Mac OS X 10.15; rv:137.0) Gecko/20100101 Firefox/137.0"
 - - [21/Apr/2025:16:29:26 +0000] "POST /admin/login/?next=/admin/ HTTP/1.0" 302 0 "https://otsussman.com/admin/login/?next=/admin/" "Mozilla/5.0 (Macintosh; Intel Mac OS X 10.15; rv:137.0) Gecko/20100101 Firefox/137.0"
 - - [21/Apr/2025:16:29:26 +0000] "GET /admin/ HTTP/1.0" 200 8383 "https://otsussman.com/admin/login/?next=/admin/" "Mozilla/5.0 (Macintosh; Intel Mac OS X 10.15; rv:137.0) Gecko/20100101 Firefox/137.0"
 - - [21/Apr/2025:16:29:29 +0000] "GET /admin/artworks/artwork/ HTTP/1.0" 200 10404 "https://otsussman.com/admin/" "Mozilla/5.0 (Macintosh; Intel Mac OS X 10.15; rv:137.0) Gecko/20100101 Firefox/137.0"
 - - [21/Apr/2025:16:29:29 +0000] "GET /admin/jsi18n/ HTTP/1.0" 200 3342 "https://otsussman.com/admin/artworks/artwork/" "Mozilla/5.0 (Macintosh; Intel Mac OS X 10.15; rv:137.0) Gecko/20100101 Firefox/137.0"
 - - [21/Apr/2025:16:29:33 +0000] "POST /admin/artworks/artwork/ HTTP/1.0" 200 9254 "https://otsussman.com/admin/artworks/artwork/" "Mozilla/5.0 (Macintosh; Intel Mac OS X 10.15; rv:137.0) Gecko/20100101 Firefox/137.0"
 - - [21/Apr/2025:16:29:34 +0000] "POST /admin/artworks/artwork/ HTTP/1.0" 302 0 "https://otsussman.com/admin/artworks/artwork/" "Mozilla/5.0 (Macintosh; Intel Mac OS X 10.15; rv:137.0) Gecko/20100101 Firefox/137.0"
 - - [21/Apr/2025:16:29:34 +0000] "GET /admin/artworks/artwork/ HTTP/1.0" 200 9265 "https://otsussman.com/admin/artworks/artwork/" "Mozilla/5.0 (Macintosh; Intel Mac OS X 10.15; rv:137.0) Gecko/20100101 Firefox/137.0"
 - - [21/Apr/2025:16:29:35 +0000] "GET /admin/jsi18n/ HTTP/1.0" 200 3342 "https://otsussman.com/admin/artworks/artwork/" "Mozilla/5.0 (Macintosh; Intel Mac OS X 10.15; rv:137.0) Gecko/20100101 Firefox/137.0"
 - - [21/Apr/2025:16:30:26 +0000] "GET /post/2147/ HTTP/1.0" 400 143 "-" "Mozilla/5.0 (Linux; Android 6.0.1; Nexus 5X Build/MMB29P) AppleWebKit/537.36 (KHTML, like Gecko) Chrome/135.0.7049.95 Mobile Safari/537.36 (compatible; Googlebot/2.1; +http://www.google.com/bot.html)"
