[2025-04-21 16:20:30 +0000] [2825815] [INFO] Starting gunicorn 23.0.0
[2025-04-21 16:20:30 +0000] [2825815] [INFO] Listening at: unix:/home/sargent/portfolio/portfolio.sock (2825815)
[2025-04-21 16:20:30 +0000] [2825815] [INFO] Using worker: sync
[2025-04-21 16:20:30 +0000] [2825817] [INFO] Booting worker with pid: 2825817
[2025-04-21 16:20:30 +0000] [2825818] [INFO] Booting worker with pid: 2825818
[2025-04-21 16:20:30 +0000] [2825819] [INFO] Booting worker with pid: 2825819
[2025-04-21 16:23:20 +0000] [2825817] [INFO] Worker exiting (pid: 2825817)
[2025-04-21 16:23:20 +0000] [2825818] [INFO] Worker exiting (pid: 2825818)
[2025-04-21 16:23:20 +0000] [2825815] [INFO] Handling signal: term
[2025-04-21 16:23:20 +0000] [2825819] [INFO] Worker exiting (pid: 2825819)
[2025-04-21 16:23:20 +0000] [2825815] [ERROR] Worker (pid:2825817) was sent SIGTERM!
[2025-04-21 16:23:20 +0000] [2825815] [INFO] Shutting down: Master
[2025-04-21 16:23:20 +0000] [2826368] [INFO] Starting gunicorn 23.0.0
[2025-04-21 16:23:20 +0000] [2826368] [INFO] Listening at: unix:/home/sargent/portfolio/portfolio.sock (2826368)
[2025-04-21 16:23:20 +0000] [2826368] [INFO] Using worker: sync
[2025-04-21 16:23:20 +0000] [2826372] [INFO] Booting worker with pid: 2826372
[2025-04-21 16:23:20 +0000] [2826373] [INFO] Booting worker with pid: 2826373
[2025-04-21 16:23:20 +0000] [2826374] [INFO] Booting worker with pid: 2826374
[2025-04-21 16:24:18 +0000] [2826368] [INFO] Handling signal: term
[2025-04-21 16:24:18 +0000] [2826373] [INFO] Worker exiting (pid: 2826373)
[2025-04-21 16:24:18 +0000] [2826374] [INFO] Worker exiting (pid: 2826374)
[2025-04-21 16:24:18 +0000] [2826372] [INFO] Worker exiting (pid: 2826372)
[2025-04-21 16:24:18 +0000] [2826368] [INFO] Shutting down: Master
[2025-04-21 16:24:18 +0000] [2826521] [INFO] Starting gunicorn 23.0.0
[2025-04-21 16:24:18 +0000] [2826521] [INFO] Listening at: unix:/home/sargent/portfolio/portfolio.sock (2826521)
[2025-04-21 16:24:18 +0000] [2826521] [INFO] Using worker: sync
[2025-04-21 16:24:18 +0000] [2826524] [INFO] Booting worker with pid: 2826524
[2025-04-21 16:24:18 +0000] [2826525] [INFO] Booting worker with pid: 2826525
[2025-04-21 16:24:18 +0000] [2826526] [INFO] Booting worker with pid: 2826526
[2025-04-21 16:24:57 +0000] [2826524] [INFO] Worker exiting (pid: 2826524)
[2025-04-21 16:24:57 +0000] [2826526] [INFO] Worker exiting (pid: 2826526)
[2025-04-21 16:24:57 +0000] [2826521] [INFO] Handling signal: term
[2025-04-21 16:24:57 +0000] [2826525] [INFO] Worker exiting (pid: 2826525)
[2025-04-21 16:24:57 +0000] [2826521] [INFO] Shutting down: Master
[2025-04-21 16:24:57 +0000] [2826597] [INFO] Starting gunicorn 23.0.0
[2025-04-21 16:24:57 +0000] [2826597] [INFO] Listening at: unix:/home/sargent/portfolio/portfolio.sock (2826597)
[2025-04-21 16:24:57 +0000] [2826597] [INFO] Using worker: sync
[2025-04-21 16:24:57 +0000] [2826600] [INFO] Booting worker with pid: 2826600
[2025-04-21 16:24:57 +0000] [2826601] [INFO] Booting worker with pid: 2826601
[2025-04-21 16:24:58 +0000] [2826602] [INFO] Booting worker with pid: 2826602
[2025-04-21 22:51:31 +0000] [2826601] [INFO] Worker exiting (pid: 2826601)
[2025-04-21 22:51:31 +0000] [2826602] [INFO] Worker exiting (pid: 2826602)
[2025-04-21 22:51:31 +0000] [2826600] [INFO] Worker exiting (pid: 2826600)
[2025-04-21 22:51:31 +0000] [2826597] [INFO] Handling signal: term
[2025-04-21 22:51:31 +0000] [2826597] [ERROR] Worker (pid:2826601) was sent SIGTERM!
[2025-04-21 22:51:31 +0000] [2826597] [INFO] Shutting down: Master
[2025-04-21 22:51:32 +0000] [2838429] [INFO] Starting gunicorn 23.0.0
[2025-04-21 22:51:32 +0000] [2838429] [INFO] Listening at: unix:/home/sargent/portfolio/portfolio.sock (2838429)
[2025-04-21 22:51:32 +0000] [2838429] [INFO] Using worker: sync
[2025-04-21 22:51:32 +0000] [2838433] [INFO] Booting worker with pid: 2838433
[2025-04-21 22:51:32 +0000] [2838434] [INFO] Booting worker with pid: 2838434
[2025-04-21 22:51:32 +0000] [2838435] [INFO] Booting worker with pid: 2838435
[2025-04-21 22:52:25 +0000] [2838429] [INFO] Handling signal: term
[2025-04-21 22:52:25 +0000] [2838433] [INFO] Worker exiting (pid: 2838433)
[2025-04-21 22:52:25 +0000] [2838435] [INFO] Worker exiting (pid: 2838435)
[2025-04-21 22:52:25 +0000] [2838434] [INFO] Worker exiting (pid: 2838434)
[2025-04-21 22:52:25 +0000] [2838429] [INFO] Shutting down: Master
[2025-04-21 22:52:25 +0000] [2838629] [INFO] Starting gunicorn 23.0.0
[2025-04-21 22:52:25 +0000] [2838629] [INFO] Listening at: unix:/home/sargent/portfolio/portfolio.sock (2838629)
[2025-04-21 22:52:25 +0000] [2838629] [INFO] Using worker: sync
[2025-04-21 22:52:25 +0000] [2838631] [INFO] Booting worker with pid: 2838631
[2025-04-21 22:52:25 +0000] [2838632] [INFO] Booting worker with pid: 2838632
[2025-04-21 22:52:25 +0000] [2838633] [INFO] Booting worker with pid: 2838633
[2025-04-21 22:52:43 +0000] [2838631] [INFO] Worker exiting (pid: 2838631)
[2025-04-21 22:52:43 +0000] [2838632] [INFO] Worker exiting (pid: 2838632)
[2025-04-21 22:52:43 +0000] [2838629] [INFO] Handling signal: term
[2025-04-21 22:52:43 +0000] [2838633] [INFO] Worker exiting (pid: 2838633)
[2025-04-21 22:52:43 +0000] [2838629] [INFO] Shutting down: Master
[2025-04-21 22:52:43 +0000] [2838693] [INFO] Starting gunicorn 23.0.0
[2025-04-21 22:52:43 +0000] [2838693] [INFO] Listening at: unix:/home/sargent/portfolio/portfolio.sock (2838693)
[2025-04-21 22:52:43 +0000] [2838693] [INFO] Using worker: sync
[2025-04-21 22:52:43 +0000] [2838697] [INFO] Booting worker with pid: 2838697
[2025-04-21 22:52:43 +0000] [2838698] [INFO] Booting worker with pid: 2838698
[2025-04-21 22:52:43 +0000] [2838699] [INFO] Booting worker with pid: 2838699
[2025-04-21 22:53:12 +0000] [2838693] [INFO] Handling signal: term
[2025-04-21 22:53:12 +0000] [2838699] [INFO] Worker exiting (pid: 2838699)
[2025-04-21 22:53:12 +0000] [2838697] [INFO] Worker exiting (pid: 2838697)
[2025-04-21 22:53:12 +0000] [2838698] [INFO] Worker exiting (pid: 2838698)
[2025-04-21 22:53:13 +0000] [2838693] [INFO] Shutting down: Master
[2025-04-21 22:53:13 +0000] [2838772] [INFO] Starting gunicorn 23.0.0
[2025-04-21 22:53:13 +0000] [2838772] [INFO] Listening at: unix:/home/sargent/portfolio/portfolio.sock (2838772)
[2025-04-21 22:53:13 +0000] [2838772] [INFO] Using worker: sync
[2025-04-21 22:53:13 +0000] [2838776] [INFO] Booting worker with pid: 2838776
[2025-04-21 22:53:13 +0000] [2838778] [INFO] Booting worker with pid: 2838778
[2025-04-21 22:53:13 +0000] [2838779] [INFO] Booting worker with pid: 2838779
[2025-04-21 22:53:33 +0000] [2838776] [INFO] Worker exiting (pid: 2838776)
[2025-04-21 22:53:33 +0000] [2838772] [INFO] Handling signal: term
[2025-04-21 22:53:33 +0000] [2838779] [INFO] Worker exiting (pid: 2838779)
[2025-04-21 22:53:33 +0000] [2838778] [INFO] Worker exiting (pid: 2838778)
[2025-04-21 22:53:33 +0000] [2838772] [INFO] Shutting down: Master
[2025-04-21 22:53:33 +0000] [2838841] [INFO] Starting gunicorn 23.0.0
[2025-04-21 22:53:33 +0000] [2838841] [INFO] Listening at: unix:/home/sargent/portfolio/portfolio.sock (2838841)
[2025-04-21 22:53:33 +0000] [2838841] [INFO] Using worker: sync
[2025-04-21 22:53:33 +0000] [2838844] [INFO] Booting worker with pid: 2838844
[2025-04-21 22:53:33 +0000] [2838845] [INFO] Booting worker with pid: 2838845
[2025-04-21 22:53:33 +0000] [2838846] [INFO] Booting worker with pid: 2838846
[2025-04-21 22:54:01 +0000] [2838845] [INFO] Worker exiting (pid: 2838845)
[2025-04-21 22:54:01 +0000] [2838844] [INFO] Worker exiting (pid: 2838844)
[2025-04-21 22:54:01 +0000] [2838846] [INFO] Worker exiting (pid: 2838846)
[2025-04-21 22:54:01 +0000] [2838841] [INFO] Handling signal: term
[2025-04-21 22:54:01 +0000] [2838841] [INFO] Shutting down: Master
[2025-04-21 22:54:01 +0000] [2838901] [INFO] Starting gunicorn 23.0.0
[2025-04-21 22:54:01 +0000] [2838901] [INFO] Listening at: unix:/home/sargent/portfolio/portfolio.sock (2838901)
[2025-04-21 22:54:01 +0000] [2838901] [INFO] Using worker: sync
[2025-04-21 22:54:01 +0000] [2838905] [INFO] Booting worker with pid: 2838905
[2025-04-21 22:54:01 +0000] [2838906] [INFO] Booting worker with pid: 2838906
[2025-04-21 22:54:01 +0000] [2838907] [INFO] Booting worker with pid: 2838907
[2025-04-21 22:54:25 +0000] [2838901] [INFO] Handling signal: term
[2025-04-21 22:54:25 +0000] [2838905] [INFO] Worker exiting (pid: 2838905)
[2025-04-21 22:54:25 +0000] [2838907] [INFO] Worker exiting (pid: 2838907)
[2025-04-21 22:54:25 +0000] [2838906] [INFO] Worker exiting (pid: 2838906)
[2025-04-21 22:54:26 +0000] [2838901] [INFO] Shutting down: Master
[2025-04-21 22:54:26 +0000] [2838974] [INFO] Starting gunicorn 23.0.0
[2025-04-21 22:54:26 +0000] [2838974] [INFO] Listening at: unix:/home/sargent/portfolio/portfolio.sock (2838974)
[2025-04-21 22:54:26 +0000] [2838974] [INFO] Using worker: sync
[2025-04-21 22:54:26 +0000] [2838976] [INFO] Booting worker with pid: 2838976
[2025-04-21 22:54:26 +0000] [2838977] [INFO] Booting worker with pid: 2838977
[2025-04-21 22:54:26 +0000] [2838978] [INFO] Booting worker with pid: 2838978
[2025-04-21 22:55:23 +0000] [2838974] [INFO] Handling signal: term
[2025-04-21 22:55:23 +0000] [2838978] [INFO] Worker exiting (pid: 2838978)
[2025-04-21 22:55:23 +0000] [2838977] [INFO] Worker exiting (pid: 2838977)
[2025-04-21 22:55:23 +0000] [2838976] [INFO] Worker exiting (pid: 2838976)
[2025-04-21 22:55:23 +0000] [2838974] [INFO] Shutting down: Master
[2025-04-21 22:55:23 +0000] [2839108] [INFO] Starting gunicorn 23.0.0
[2025-04-21 22:55:23 +0000] [2839108] [INFO] Listening at: unix:/home/sargent/portfolio/portfolio.sock (2839108)
[2025-04-21 22:55:23 +0000] [2839108] [INFO] Using worker: sync
[2025-04-21 22:55:23 +0000] [2839110] [INFO] Booting worker with pid: 2839110
[2025-04-21 22:55:23 +0000] [2839111] [INFO] Booting worker with pid: 2839111
[2025-04-21 22:55:23 +0000] [2839112] [INFO] Booting worker with pid: 2839112
[2025-04-21 23:44:28 +0000] [2839111] [INFO] Worker exiting (pid: 2839111)
[2025-04-21 23:44:28 +0000] [2839110] [INFO] Worker exiting (pid: 2839110)
[2025-04-21 23:44:28 +0000] [2839108] [INFO] Handling signal: term
[2025-04-21 23:44:28 +0000] [2839112] [INFO] Worker exiting (pid: 2839112)
[2025-04-21 23:44:28 +0000] [2839108] [INFO] Shutting down: Master
[2025-04-21 23:44:28 +0000] [2840585] [INFO] Starting gunicorn 23.0.0
[2025-04-21 23:44:28 +0000] [2840585] [INFO] Listening at: unix:/home/sargent/portfolio/portfolio.sock (2840585)
[2025-04-21 23:44:28 +0000] [2840585] [INFO] Using worker: sync
[2025-04-21 23:44:28 +0000] [2840588] [INFO] Booting worker with pid: 2840588
[2025-04-21 23:44:28 +0000] [2840589] [INFO] Booting worker with pid: 2840589
[2025-04-21 23:44:28 +0000] [2840590] [INFO] Booting worker with pid: 2840590
[2025-05-04 20:03:22 +0000] [2840590] [INFO] Worker exiting (pid: 2840590)
[2025-05-04 20:03:22 +0000] [2840589] [INFO] Worker exiting (pid: 2840589)
[2025-05-04 20:03:22 +0000] [2840588] [INFO] Worker exiting (pid: 2840588)
[2025-05-04 20:03:22 +0000] [2840585] [INFO] Handling signal: term
[2025-05-04 20:03:22 +0000] [2840585] [ERROR] Worker (pid:2840589) was sent SIGTERM!
[2025-05-04 20:03:22 +0000] [2840585] [ERROR] Worker (pid:2840590) was sent SIGTERM!
[2025-05-04 20:03:22 +0000] [2840585] [ERROR] Worker (pid:2840588) was sent SIGTERM!
[2025-05-04 20:03:22 +0000] [2840585] [INFO] Shutting down: Master
[2025-05-04 20:03:22 +0000] [3267753] [INFO] Starting gunicorn 23.0.0
[2025-05-04 20:03:22 +0000] [3267753] [INFO] Listening at: unix:/home/sargent/portfolio/portfolio.sock (3267753)
[2025-05-04 20:03:22 +0000] [3267753] [INFO] Using worker: sync
[2025-05-04 20:03:22 +0000] [3267756] [INFO] Booting worker with pid: 3267756
[2025-05-04 20:03:22 +0000] [3267757] [INFO] Booting worker with pid: 3267757
[2025-05-04 20:03:23 +0000] [3267758] [INFO] Booting worker with pid: 3267758
[2025-05-04 20:13:45 +0000] [3267756] [INFO] Worker exiting (pid: 3267756)
[2025-05-04 20:13:45 +0000] [3267758] [INFO] Worker exiting (pid: 3267758)
[2025-05-04 20:13:45 +0000] [3267753] [INFO] Handling signal: term
[2025-05-04 20:13:45 +0000] [3267757] [INFO] Worker exiting (pid: 3267757)
[2025-05-04 20:13:45 +0000] [3267753] [ERROR] Worker (pid:3267758) was sent SIGTERM!
[2025-05-04 20:13:45 +0000] [3267753] [INFO] Shutting down: Master
[2025-05-04 20:13:45 +0000] [3268687] [INFO] Starting gunicorn 23.0.0
[2025-05-04 20:13:45 +0000] [3268687] [INFO] Listening at: unix:/home/sargent/portfolio/portfolio.sock (3268687)
[2025-05-04 20:13:45 +0000] [3268687] [INFO] Using worker: sync
[2025-05-04 20:13:45 +0000] [3268692] [INFO] Booting worker with pid: 3268692
[2025-05-04 20:13:45 +0000] [3268693] [INFO] Booting worker with pid: 3268693
[2025-05-04 20:13:45 +0000] [3268694] [INFO] Booting worker with pid: 3268694
[2025-05-04 20:30:14 +0000] [3268693] [INFO] Worker exiting (pid: 3268693)
[2025-05-04 20:30:14 +0000] [3268687] [INFO] Handling signal: term
[2025-05-04 20:30:14 +0000] [3268692] [INFO] Worker exiting (pid: 3268692)
[2025-05-04 20:30:14 +0000] [3268694] [INFO] Worker exiting (pid: 3268694)
[2025-05-04 20:30:14 +0000] [3268687] [INFO] Shutting down: Master
[2025-05-04 20:30:15 +0000] [3269556] [INFO] Starting gunicorn 23.0.0
[2025-05-04 20:30:15 +0000] [3269556] [INFO] Listening at: unix:/home/sargent/portfolio/portfolio.sock (3269556)
[2025-05-04 20:30:15 +0000] [3269556] [INFO] Using worker: sync
[2025-05-04 20:30:15 +0000] [3269559] [INFO] Booting worker with pid: 3269559
[2025-05-04 20:30:15 +0000] [3269560] [INFO] Booting worker with pid: 3269560
[2025-05-04 20:30:15 +0000] [3269561] [INFO] Booting worker with pid: 3269561
[2025-05-04 20:46:33 +0000] [3269561] [INFO] Worker exiting (pid: 3269561)
[2025-05-04 20:46:33 +0000] [3269560] [INFO] Worker exiting (pid: 3269560)
[2025-05-04 20:46:33 +0000] [3269556] [INFO] Handling signal: term
[2025-05-04 20:46:33 +0000] [3269559] [INFO] Worker exiting (pid: 3269559)
[2025-05-04 20:46:33 +0000] [3269556] [ERROR] Worker (pid:3269561) was sent SIGTERM!
[2025-05-04 20:46:33 +0000] [3269556] [ERROR] Worker (pid:3269560) was sent SIGTERM!
[2025-05-04 20:46:33 +0000] [3269556] [INFO] Shutting down: Master
[2025-05-04 20:46:33 +0000] [3271381] [INFO] Starting gunicorn 23.0.0
[2025-05-04 20:46:33 +0000] [3271381] [INFO] Listening at: unix:/home/sargent/portfolio/portfolio.sock (3271381)
[2025-05-04 20:46:33 +0000] [3271381] [INFO] Using worker: sync
[2025-05-04 20:46:33 +0000] [3271385] [INFO] Booting worker with pid: 3271385
[2025-05-04 20:46:34 +0000] [3271386] [INFO] Booting worker with pid: 3271386
[2025-05-04 20:46:34 +0000] [3271387] [INFO] Booting worker with pid: 3271387
[2025-05-04 20:49:23 +0000] [3271385] [INFO] Worker exiting (pid: 3271385)
[2025-05-04 20:49:23 +0000] [3271381] [INFO] Handling signal: term
[2025-05-04 20:49:23 +0000] [3271386] [INFO] Worker exiting (pid: 3271386)
[2025-05-04 20:49:23 +0000] [3271387] [INFO] Worker exiting (pid: 3271387)
[2025-05-04 20:49:23 +0000] [3271381] [ERROR] Worker (pid:3271385) was sent SIGTERM!
[2025-05-04 20:49:23 +0000] [3271381] [INFO] Shutting down: Master
[2025-05-04 20:49:23 +0000] [3271509] [INFO] Starting gunicorn 23.0.0
[2025-05-04 20:49:23 +0000] [3271509] [INFO] Listening at: unix:/home/sargent/portfolio/portfolio.sock (3271509)
[2025-05-04 20:49:23 +0000] [3271509] [INFO] Using worker: sync
[2025-05-04 20:49:23 +0000] [3271516] [INFO] Booting worker with pid: 3271516
[2025-05-04 20:49:23 +0000] [3271517] [INFO] Booting worker with pid: 3271517
[2025-05-04 20:49:23 +0000] [3271518] [INFO] Booting worker with pid: 3271518
[2025-05-04 20:49:41 +0000] [3271517] [INFO] Worker exiting (pid: 3271517)
[2025-05-04 20:49:41 +0000] [3271518] [INFO] Worker exiting (pid: 3271518)
[2025-05-04 20:49:41 +0000] [3271509] [INFO] Handling signal: term
[2025-05-04 20:49:41 +0000] [3271516] [INFO] Worker exiting (pid: 3271516)
[2025-05-04 20:49:41 +0000] [3271509] [INFO] Shutting down: Master
[2025-05-04 20:49:41 +0000] [3271572] [INFO] Starting gunicorn 23.0.0
[2025-05-04 20:49:41 +0000] [3271572] [INFO] Listening at: unix:/home/sargent/portfolio/portfolio.sock (3271572)
[2025-05-04 20:49:41 +0000] [3271572] [INFO] Using worker: sync
[2025-05-04 20:49:41 +0000] [3271575] [INFO] Booting worker with pid: 3271575
[2025-05-04 20:49:41 +0000] [3271576] [INFO] Booting worker with pid: 3271576
[2025-05-04 20:49:41 +0000] [3271577] [INFO] Booting worker with pid: 3271577
[2025-05-04 21:32:30 +0000] [3271572] [INFO] Handling signal: term
[2025-05-04 21:32:30 +0000] [3271576] [INFO] Worker exiting (pid: 3271576)
[2025-05-04 21:32:30 +0000] [3271575] [INFO] Worker exiting (pid: 3271575)
[2025-05-04 21:32:30 +0000] [3271577] [INFO] Worker exiting (pid: 3271577)
[2025-05-04 21:32:30 +0000] [3271572] [INFO] Shutting down: Master
[2025-05-04 21:32:30 +0000] [3272316] [INFO] Starting gunicorn 23.0.0
[2025-05-04 21:32:30 +0000] [3272316] [INFO] Listening at: unix:/home/sargent/portfolio/portfolio.sock (3272316)
[2025-05-04 21:32:30 +0000] [3272316] [INFO] Using worker: sync
[2025-05-04 21:32:30 +0000] [3272323] [INFO] Booting worker with pid: 3272323
[2025-05-04 21:32:30 +0000] [3272324] [INFO] Booting worker with pid: 3272324
[2025-05-04 21:32:30 +0000] [3272325] [INFO] Booting worker with pid: 3272325
[2025-05-04 21:33:12 +0000] [3272316] [INFO] Handling signal: term
[2025-05-04 21:33:12 +0000] [3272323] [INFO] Worker exiting (pid: 3272323)
[2025-05-04 21:33:12 +0000] [3272325] [INFO] Worker exiting (pid: 3272325)
[2025-05-04 21:33:12 +0000] [3272324] [INFO] Worker exiting (pid: 3272324)
[2025-05-04 21:33:12 +0000] [3272316] [INFO] Shutting down: Master
[2025-05-04 21:33:12 +0000] [3272408] [INFO] Starting gunicorn 23.0.0
[2025-05-04 21:33:12 +0000] [3272408] [INFO] Listening at: unix:/home/sargent/portfolio/portfolio.sock (3272408)
[2025-05-04 21:33:12 +0000] [3272408] [INFO] Using worker: sync
[2025-05-04 21:33:12 +0000] [3272412] [INFO] Booting worker with pid: 3272412
[2025-05-04 21:33:12 +0000] [3272413] [INFO] Booting worker with pid: 3272413
[2025-05-04 21:33:12 +0000] [3272414] [INFO] Booting worker with pid: 3272414
[2025-05-04 21:33:29 +0000] [3272408] [INFO] Handling signal: term
[2025-05-04 21:33:29 +0000] [3272414] [INFO] Worker exiting (pid: 3272414)
[2025-05-04 21:33:29 +0000] [3272413] [INFO] Worker exiting (pid: 3272413)
[2025-05-04 21:33:29 +0000] [3272412] [INFO] Worker exiting (pid: 3272412)
[2025-05-04 21:33:29 +0000] [3272408] [INFO] Shutting down: Master
[2025-05-04 21:33:29 +0000] [3272471] [INFO] Starting gunicorn 23.0.0
[2025-05-04 21:33:29 +0000] [3272471] [INFO] Listening at: unix:/home/sargent/portfolio/portfolio.sock (3272471)
[2025-05-04 21:33:29 +0000] [3272471] [INFO] Using worker: sync
[2025-05-04 21:33:29 +0000] [3272474] [INFO] Booting worker with pid: 3272474
[2025-05-04 21:33:29 +0000] [3272475] [INFO] Booting worker with pid: 3272475
[2025-05-04 21:33:29 +0000] [3272476] [INFO] Booting worker with pid: 3272476
[2025-05-04 21:37:51 +0000] [3272471] [INFO] Handling signal: term
[2025-05-04 21:37:51 +0000] [3272474] [INFO] Worker exiting (pid: 3272474)
[2025-05-04 21:37:51 +0000] [3272475] [INFO] Worker exiting (pid: 3272475)
[2025-05-04 21:37:51 +0000] [3272476] [INFO] Worker exiting (pid: 3272476)
[2025-05-04 21:37:51 +0000] [3272471] [INFO] Shutting down: Master
[2025-05-04 21:37:52 +0000] [3272769] [INFO] Starting gunicorn 23.0.0
[2025-05-04 21:37:52 +0000] [3272769] [INFO] Listening at: unix:/home/sargent/portfolio/portfolio.sock (3272769)
[2025-05-04 21:37:52 +0000] [3272769] [INFO] Using worker: sync
[2025-05-04 21:37:52 +0000] [3272771] [INFO] Booting worker with pid: 3272771
[2025-05-04 21:37:52 +0000] [3272772] [INFO] Booting worker with pid: 3272772
[2025-05-04 21:37:52 +0000] [3272773] [INFO] Booting worker with pid: 3272773
[2025-05-04 21:41:12 +0000] [3272773] [INFO] Worker exiting (pid: 3272773)
[2025-05-04 21:41:12 +0000] [3272771] [INFO] Worker exiting (pid: 3272771)
[2025-05-04 21:41:12 +0000] [3272772] [INFO] Worker exiting (pid: 3272772)
[2025-05-04 21:41:12 +0000] [3272769] [INFO] Handling signal: term
[2025-05-04 21:41:12 +0000] [3272769] [ERROR] Worker (pid:3272772) was sent SIGTERM!
[2025-05-04 21:41:12 +0000] [3272769] [ERROR] Worker (pid:3272771) was sent SIGTERM!
[2025-05-04 21:41:12 +0000] [3272769] [ERROR] Worker (pid:3272773) was sent SIGTERM!
[2025-05-04 21:41:12 +0000] [3272769] [INFO] Shutting down: Master
[2025-05-04 21:41:13 +0000] [3273128] [INFO] Starting gunicorn 23.0.0
[2025-05-04 21:41:13 +0000] [3273128] [INFO] Listening at: unix:/home/sargent/portfolio/portfolio.sock (3273128)
[2025-05-04 21:41:13 +0000] [3273128] [INFO] Using worker: sync
[2025-05-04 21:41:13 +0000] [3273131] [INFO] Booting worker with pid: 3273131
[2025-05-04 21:41:13 +0000] [3273132] [INFO] Booting worker with pid: 3273132
[2025-05-04 21:41:13 +0000] [3273133] [INFO] Booting worker with pid: 3273133
[2025-05-04 21:42:34 +0000] [3273128] [INFO] Handling signal: term
[2025-05-04 21:42:34 +0000] [3273131] [INFO] Worker exiting (pid: 3273131)
[2025-05-04 21:42:34 +0000] [3273132] [INFO] Worker exiting (pid: 3273132)
[2025-05-04 21:42:34 +0000] [3273133] [INFO] Worker exiting (pid: 3273133)
[2025-05-04 21:42:34 +0000] [3273128] [INFO] Shutting down: Master
[2025-05-04 21:42:34 +0000] [3273300] [INFO] Starting gunicorn 23.0.0
[2025-05-04 21:42:34 +0000] [3273300] [INFO] Listening at: unix:/home/sargent/portfolio/portfolio.sock (3273300)
[2025-05-04 21:42:34 +0000] [3273300] [INFO] Using worker: sync
[2025-05-04 21:42:34 +0000] [3273302] [INFO] Booting worker with pid: 3273302
[2025-05-04 21:42:35 +0000] [3273303] [INFO] Booting worker with pid: 3273303
[2025-05-04 21:42:35 +0000] [3273304] [INFO] Booting worker with pid: 3273304
[2025-05-04 21:43:48 +0000] [3273302] [INFO] Worker exiting (pid: 3273302)
[2025-05-04 21:43:48 +0000] [3273300] [INFO] Handling signal: term
[2025-05-04 21:43:48 +0000] [3273303] [INFO] Worker exiting (pid: 3273303)
[2025-05-04 21:43:48 +0000] [3273304] [INFO] Worker exiting (pid: 3273304)
[2025-05-04 21:43:48 +0000] [3273300] [INFO] Shutting down: Master
[2025-05-04 21:43:48 +0000] [3273445] [INFO] Starting gunicorn 23.0.0
[2025-05-04 21:43:48 +0000] [3273445] [INFO] Listening at: unix:/home/sargent/portfolio/portfolio.sock (3273445)
[2025-05-04 21:43:48 +0000] [3273445] [INFO] Using worker: sync
[2025-05-04 21:43:48 +0000] [3273449] [INFO] Booting worker with pid: 3273449
[2025-05-04 21:43:48 +0000] [3273450] [INFO] Booting worker with pid: 3273450
[2025-05-04 21:43:49 +0000] [3273451] [INFO] Booting worker with pid: 3273451
[2025-05-04 21:44:30 +0000] [3273449] [INFO] Worker exiting (pid: 3273449)
[2025-05-04 21:44:30 +0000] [3273450] [INFO] Worker exiting (pid: 3273450)
[2025-05-04 21:44:30 +0000] [3273451] [INFO] Worker exiting (pid: 3273451)
[2025-05-04 21:44:30 +0000] [3273445] [INFO] Handling signal: term
[2025-05-04 21:44:30 +0000] [3273445] [ERROR] Worker (pid:3273449) was sent SIGTERM!
[2025-05-04 21:44:30 +0000] [3273445] [ERROR] Worker (pid:3273450) was sent SIGTERM!
[2025-05-04 21:44:30 +0000] [3273445] [ERROR] Worker (pid:3273451) was sent SIGTERM!
[2025-05-04 21:44:30 +0000] [3273445] [INFO] Shutting down: Master
[2025-05-04 21:44:30 +0000] [3273516] [INFO] Starting gunicorn 23.0.0
[2025-05-04 21:44:30 +0000] [3273516] [INFO] Listening at: unix:/home/sargent/portfolio/portfolio.sock (3273516)
[2025-05-04 21:44:30 +0000] [3273516] [INFO] Using worker: sync
[2025-05-04 21:44:30 +0000] [3273519] [INFO] Booting worker with pid: 3273519
[2025-05-04 21:44:30 +0000] [3273520] [INFO] Booting worker with pid: 3273520
[2025-05-04 21:44:30 +0000] [3273521] [INFO] Booting worker with pid: 3273521
[2025-05-04 21:45:06 +0000] [3273516] [INFO] Handling signal: term
[2025-05-04 21:45:06 +0000] [3273519] [INFO] Worker exiting (pid: 3273519)
[2025-05-04 21:45:06 +0000] [3273521] [INFO] Worker exiting (pid: 3273521)
[2025-05-04 21:45:06 +0000] [3273520] [INFO] Worker exiting (pid: 3273520)
[2025-05-04 21:45:06 +0000] [3273516] [INFO] Shutting down: Master
[2025-05-04 21:45:06 +0000] [3273656] [INFO] Starting gunicorn 23.0.0
[2025-05-04 21:45:06 +0000] [3273656] [INFO] Listening at: unix:/home/sargent/portfolio/portfolio.sock (3273656)
[2025-05-04 21:45:06 +0000] [3273656] [INFO] Using worker: sync
[2025-05-04 21:45:06 +0000] [3273658] [INFO] Booting worker with pid: 3273658
[2025-05-04 21:45:06 +0000] [3273659] [INFO] Booting worker with pid: 3273659
[2025-05-04 21:45:06 +0000] [3273660] [INFO] Booting worker with pid: 3273660
[2025-05-04 21:45:35 +0000] [3273659] [INFO] Worker exiting (pid: 3273659)
[2025-05-04 21:45:35 +0000] [3273658] [INFO] Worker exiting (pid: 3273658)
[2025-05-04 21:45:35 +0000] [3273660] [INFO] Worker exiting (pid: 3273660)
[2025-05-04 21:45:35 +0000] [3273656] [INFO] Handling signal: term
[2025-05-04 21:45:35 +0000] [3273656] [ERROR] Worker (pid:3273658) was sent SIGTERM!
[2025-05-04 21:45:35 +0000] [3273656] [ERROR] Worker (pid:3273659) was sent SIGTERM!
[2025-05-04 21:45:36 +0000] [3273656] [INFO] Shutting down: Master
[2025-05-04 21:45:36 +0000] [3273709] [INFO] Starting gunicorn 23.0.0
[2025-05-04 21:45:36 +0000] [3273709] [INFO] Listening at: unix:/home/sargent/portfolio/portfolio.sock (3273709)
[2025-05-04 21:45:36 +0000] [3273709] [INFO] Using worker: sync
[2025-05-04 21:45:36 +0000] [3273712] [INFO] Booting worker with pid: 3273712
[2025-05-04 21:45:36 +0000] [3273713] [INFO] Booting worker with pid: 3273713
[2025-05-04 21:45:36 +0000] [3273714] [INFO] Booting worker with pid: 3273714
[2025-05-14 09:31:33 +0000] [3273713] [INFO] Worker exiting (pid: 3273713)
[2025-05-14 09:31:33 +0000] [3273714] [INFO] Worker exiting (pid: 3273714)
[2025-05-14 09:31:33 +0000] [3273712] [INFO] Worker exiting (pid: 3273712)
[2025-05-14 09:31:33 +0000] [3273709] [INFO] Handling signal: term
[2025-05-14 09:31:33 +0000] [3273709] [ERROR] Worker (pid:3273713) was sent SIGTERM!
[2025-05-14 09:31:33 +0000] [3273709] [ERROR] Worker (pid:3273714) was sent SIGTERM!
[2025-05-14 09:31:33 +0000] [3273709] [ERROR] Worker (pid:3273712) was sent SIGTERM!
[2025-05-14 09:31:33 +0000] [3273709] [INFO] Shutting down: Master
[2025-05-14 09:31:34 +0000] [3539142] [INFO] Starting gunicorn 23.0.0
[2025-05-14 09:31:34 +0000] [3539142] [INFO] Listening at: unix:/home/sargent/portfolio/portfolio.sock (3539142)
[2025-05-14 09:31:34 +0000] [3539142] [INFO] Using worker: sync
[2025-05-14 09:31:34 +0000] [3539146] [INFO] Booting worker with pid: 3539146
[2025-05-14 09:31:34 +0000] [3539147] [INFO] Booting worker with pid: 3539147
[2025-05-14 09:31:34 +0000] [3539148] [INFO] Booting worker with pid: 3539148
[2025-05-14 09:35:08 +0000] [3539142] [INFO] Handling signal: term
[2025-05-14 09:35:08 +0000] [3539147] [INFO] Worker exiting (pid: 3539147)
[2025-05-14 09:35:08 +0000] [3539148] [INFO] Worker exiting (pid: 3539148)
[2025-05-14 09:35:08 +0000] [3539146] [INFO] Worker exiting (pid: 3539146)
[2025-05-14 09:35:09 +0000] [3539142] [INFO] Shutting down: Master
[2025-05-14 09:35:09 +0000] [3539319] [INFO] Starting gunicorn 23.0.0
[2025-05-14 09:35:09 +0000] [3539319] [INFO] Listening at: unix:/home/sargent/portfolio/portfolio.sock (3539319)
[2025-05-14 09:35:09 +0000] [3539319] [INFO] Using worker: sync
[2025-05-14 09:35:09 +0000] [3539321] [INFO] Booting worker with pid: 3539321
[2025-05-14 09:35:09 +0000] [3539322] [INFO] Booting worker with pid: 3539322
[2025-05-14 09:35:09 +0000] [3539324] [INFO] Booting worker with pid: 3539324
[2025-05-14 09:36:47 +0000] [3539319] [INFO] Handling signal: term
[2025-05-14 09:36:47 +0000] [3539321] [INFO] Worker exiting (pid: 3539321)
[2025-05-14 09:36:47 +0000] [3539324] [INFO] Worker exiting (pid: 3539324)
[2025-05-14 09:36:47 +0000] [3539322] [INFO] Worker exiting (pid: 3539322)
[2025-05-14 09:36:47 +0000] [3539319] [INFO] Shutting down: Master
[2025-05-14 09:36:47 +0000] [3539524] [INFO] Starting gunicorn 23.0.0
[2025-05-14 09:36:47 +0000] [3539524] [INFO] Listening at: unix:/home/sargent/portfolio/portfolio.sock (3539524)
[2025-05-14 09:36:47 +0000] [3539524] [INFO] Using worker: sync
[2025-05-14 09:36:47 +0000] [3539527] [INFO] Booting worker with pid: 3539527
[2025-05-14 09:36:47 +0000] [3539528] [INFO] Booting worker with pid: 3539528
[2025-05-14 09:36:47 +0000] [3539529] [INFO] Booting worker with pid: 3539529
[2025-05-14 09:37:17 +0000] [3539527] [INFO] Worker exiting (pid: 3539527)
[2025-05-14 09:37:17 +0000] [3539529] [INFO] Worker exiting (pid: 3539529)
[2025-05-14 09:37:17 +0000] [3539524] [INFO] Handling signal: term
[2025-05-14 09:37:17 +0000] [3539524] [ERROR] Worker (pid:3539527) was sent SIGTERM!
[2025-05-14 09:37:17 +0000] [3539528] [INFO] Worker exiting (pid: 3539528)
[2025-05-14 09:37:17 +0000] [3539524] [INFO] Shutting down: Master
[2025-05-14 09:37:17 +0000] [3539594] [INFO] Starting gunicorn 23.0.0
[2025-05-14 09:37:17 +0000] [3539594] [INFO] Listening at: unix:/home/sargent/portfolio/portfolio.sock (3539594)
[2025-05-14 09:37:17 +0000] [3539594] [INFO] Using worker: sync
[2025-05-14 09:37:17 +0000] [3539598] [INFO] Booting worker with pid: 3539598
[2025-05-14 09:37:17 +0000] [3539599] [INFO] Booting worker with pid: 3539599
[2025-05-14 09:37:17 +0000] [3539600] [INFO] Booting worker with pid: 3539600
[2025-05-14 09:41:02 +0000] [3539599] [INFO] Worker exiting (pid: 3539599)
[2025-05-14 09:41:02 +0000] [3539594] [INFO] Handling signal: term
[2025-05-14 09:41:02 +0000] [3539598] [INFO] Worker exiting (pid: 3539598)
[2025-05-14 09:41:02 +0000] [3539600] [INFO] Worker exiting (pid: 3539600)
[2025-05-14 09:41:02 +0000] [3539594] [INFO] Shutting down: Master
[2025-05-14 09:41:02 +0000] [3539814] [INFO] Starting gunicorn 23.0.0
[2025-05-14 09:41:02 +0000] [3539814] [INFO] Listening at: unix:/home/sargent/portfolio/portfolio.sock (3539814)
[2025-05-14 09:41:02 +0000] [3539814] [INFO] Using worker: sync
[2025-05-14 09:41:02 +0000] [3539817] [INFO] Booting worker with pid: 3539817
[2025-05-14 09:41:02 +0000] [3539818] [INFO] Booting worker with pid: 3539818
[2025-05-14 09:41:02 +0000] [3539819] [INFO] Booting worker with pid: 3539819
[2025-05-16 09:35:29 +0000] [3539818] [INFO] Worker exiting (pid: 3539818)
[2025-05-16 09:35:29 +0000] [3539817] [INFO] Worker exiting (pid: 3539817)
[2025-05-16 09:35:29 +0000] [3539819] [INFO] Worker exiting (pid: 3539819)
[2025-05-16 09:35:29 +0000] [3539814] [INFO] Handling signal: term
[2025-05-16 09:35:29 +0000] [3539814] [ERROR] Worker (pid:3539817) was sent SIGTERM!
[2025-05-16 09:35:29 +0000] [3539814] [ERROR] Worker (pid:3539819) was sent SIGTERM!
[2025-05-16 09:35:29 +0000] [3539814] [ERROR] Worker (pid:3539818) was sent SIGTERM!
[2025-05-16 09:35:29 +0000] [3539814] [INFO] Shutting down: Master
[2025-05-16 09:35:29 +0000] [3608085] [INFO] Starting gunicorn 23.0.0
[2025-05-16 09:35:29 +0000] [3608085] [INFO] Listening at: unix:/home/sargent/portfolio/portfolio.sock (3608085)
[2025-05-16 09:35:29 +0000] [3608085] [INFO] Using worker: sync
[2025-05-16 09:35:29 +0000] [3608088] [INFO] Booting worker with pid: 3608088
[2025-05-16 09:35:29 +0000] [3608089] [INFO] Booting worker with pid: 3608089
[2025-05-16 09:35:29 +0000] [3608090] [INFO] Booting worker with pid: 3608090
[2025-05-27 15:05:35 +0000] [3608090] [INFO] Worker exiting (pid: 3608090)
[2025-05-27 15:05:35 +0000] [3608089] [INFO] Worker exiting (pid: 3608089)
[2025-05-27 15:05:35 +0000] [3608088] [INFO] Worker exiting (pid: 3608088)
[2025-05-27 15:05:35 +0000] [3608085] [INFO] Handling signal: term
[2025-05-27 15:05:35 +0000] [3608085] [ERROR] Worker (pid:3608089) was sent SIGTERM!
[2025-05-27 15:05:35 +0000] [3608085] [ERROR] Worker (pid:3608090) was sent SIGTERM!
[2025-05-27 15:05:35 +0000] [3608085] [ERROR] Worker (pid:3608088) was sent SIGTERM!
[2025-05-27 15:05:35 +0000] [3608085] [INFO] Shutting down: Master
[2025-05-27 15:05:36 +0000] [3921935] [INFO] Starting gunicorn 23.0.0
[2025-05-27 15:05:36 +0000] [3921935] [INFO] Listening at: unix:/home/sargent/portfolio/portfolio.sock (3921935)
[2025-05-27 15:05:36 +0000] [3921935] [INFO] Using worker: sync
[2025-05-27 15:05:36 +0000] [3921938] [INFO] Booting worker with pid: 3921938
[2025-05-27 15:05:36 +0000] [3921939] [INFO] Booting worker with pid: 3921939
[2025-05-27 15:05:36 +0000] [3921940] [INFO] Booting worker with pid: 3921940
[2025-05-27 15:06:26 +0000] [3921938] [INFO] Worker exiting (pid: 3921938)
[2025-05-27 15:06:26 +0000] [3921939] [INFO] Worker exiting (pid: 3921939)
[2025-05-27 15:06:26 +0000] [3921940] [INFO] Worker exiting (pid: 3921940)
[2025-05-27 15:06:26 +0000] [3921935] [INFO] Handling signal: term
[2025-05-27 15:06:26 +0000] [3921935] [ERROR] Worker (pid:3921938) was sent SIGTERM!
[2025-05-27 15:06:26 +0000] [3921935] [ERROR] Worker (pid:3921939) was sent SIGTERM!
[2025-05-27 15:06:26 +0000] [3921935] [INFO] Shutting down: Master
[2025-05-27 15:06:26 +0000] [3922043] [INFO] Starting gunicorn 23.0.0
[2025-05-27 15:06:26 +0000] [3922043] [INFO] Listening at: unix:/home/sargent/portfolio/portfolio.sock (3922043)
[2025-05-27 15:06:26 +0000] [3922043] [INFO] Using worker: sync
[2025-05-27 15:06:26 +0000] [3922046] [INFO] Booting worker with pid: 3922046
[2025-05-27 15:06:26 +0000] [3922047] [INFO] Booting worker with pid: 3922047
[2025-05-27 15:06:26 +0000] [3922048] [INFO] Booting worker with pid: 3922048
[2025-05-27 15:07:35 +0000] [3922043] [INFO] Handling signal: term
[2025-05-27 15:07:35 +0000] [3922046] [INFO] Worker exiting (pid: 3922046)
[2025-05-27 15:07:35 +0000] [3922047] [INFO] Worker exiting (pid: 3922047)
[2025-05-27 15:07:35 +0000] [3922048] [INFO] Worker exiting (pid: 3922048)
[2025-05-27 15:07:35 +0000] [3922043] [INFO] Shutting down: Master
[2025-05-27 15:07:35 +0000] [3922171] [INFO] Starting gunicorn 23.0.0
[2025-05-27 15:07:35 +0000] [3922171] [INFO] Listening at: unix:/home/sargent/portfolio/portfolio.sock (3922171)
[2025-05-27 15:07:35 +0000] [3922171] [INFO] Using worker: sync
[2025-05-27 15:07:35 +0000] [3922173] [INFO] Booting worker with pid: 3922173
[2025-05-27 15:07:35 +0000] [3922174] [INFO] Booting worker with pid: 3922174
[2025-05-27 15:07:35 +0000] [3922175] [INFO] Booting worker with pid: 3922175
[2025-05-27 15:07:56 +0000] [3922171] [INFO] Handling signal: term
[2025-05-27 15:07:56 +0000] [3922173] [INFO] Worker exiting (pid: 3922173)
[2025-05-27 15:07:56 +0000] [3922175] [INFO] Worker exiting (pid: 3922175)
[2025-05-27 15:07:56 +0000] [3922174] [INFO] Worker exiting (pid: 3922174)
[2025-05-27 15:07:56 +0000] [3922171] [INFO] Shutting down: Master
[2025-05-27 15:07:56 +0000] [3922222] [INFO] Starting gunicorn 23.0.0
[2025-05-27 15:07:56 +0000] [3922222] [INFO] Listening at: unix:/home/sargent/portfolio/portfolio.sock (3922222)
[2025-05-27 15:07:56 +0000] [3922222] [INFO] Using worker: sync
[2025-05-27 15:07:56 +0000] [3922225] [INFO] Booting worker with pid: 3922225
[2025-05-27 15:07:56 +0000] [3922226] [INFO] Booting worker with pid: 3922226
[2025-05-27 15:07:57 +0000] [3922227] [INFO] Booting worker with pid: 3922227
[2025-05-27 15:08:22 +0000] [3922226] [INFO] Worker exiting (pid: 3922226)
[2025-05-27 15:08:22 +0000] [3922222] [INFO] Handling signal: term
[2025-05-27 15:08:22 +0000] [3922225] [INFO] Worker exiting (pid: 3922225)
[2025-05-27 15:08:22 +0000] [3922227] [INFO] Worker exiting (pid: 3922227)
[2025-05-27 15:08:22 +0000] [3922222] [INFO] Shutting down: Master
[2025-05-27 15:08:22 +0000] [3922274] [INFO] Starting gunicorn 23.0.0
[2025-05-27 15:08:22 +0000] [3922274] [INFO] Listening at: unix:/home/sargent/portfolio/portfolio.sock (3922274)
[2025-05-27 15:08:22 +0000] [3922274] [INFO] Using worker: sync
[2025-05-27 15:08:22 +0000] [3922278] [INFO] Booting worker with pid: 3922278
[2025-05-27 15:08:22 +0000] [3922279] [INFO] Booting worker with pid: 3922279
[2025-05-27 15:08:23 +0000] [3922280] [INFO] Booting worker with pid: 3922280
[2025-05-27 15:08:33 +0000] [3922274] [INFO] Handling signal: term
[2025-05-27 15:08:33 +0000] [3922278] [INFO] Worker exiting (pid: 3922278)
[2025-05-27 15:08:33 +0000] [3922280] [INFO] Worker exiting (pid: 3922280)
[2025-05-27 15:08:33 +0000] [3922279] [INFO] Worker exiting (pid: 3922279)
[2025-05-27 15:08:34 +0000] [3922274] [INFO] Shutting down: Master
[2025-05-27 15:08:34 +0000] [3922322] [INFO] Starting gunicorn 23.0.0
[2025-05-27 15:08:34 +0000] [3922322] [INFO] Listening at: unix:/home/sargent/portfolio/portfolio.sock (3922322)
[2025-05-27 15:08:34 +0000] [3922322] [INFO] Using worker: sync
[2025-05-27 15:08:34 +0000] [3922324] [INFO] Booting worker with pid: 3922324
[2025-05-27 15:08:34 +0000] [3922325] [INFO] Booting worker with pid: 3922325
[2025-05-27 15:08:34 +0000] [3922326] [INFO] Booting worker with pid: 3922326
[2025-05-27 15:09:12 +0000] [3922322] [INFO] Handling signal: term
[2025-05-27 15:09:12 +0000] [3922324] [INFO] Worker exiting (pid: 3922324)
[2025-05-27 15:09:12 +0000] [3922326] [INFO] Worker exiting (pid: 3922326)
[2025-05-27 15:09:12 +0000] [3922325] [INFO] Worker exiting (pid: 3922325)
[2025-05-27 15:09:12 +0000] [3922322] [INFO] Shutting down: Master
[2025-05-27 15:09:13 +0000] [3922399] [INFO] Starting gunicorn 23.0.0
[2025-05-27 15:09:13 +0000] [3922399] [INFO] Listening at: unix:/home/sargent/portfolio/portfolio.sock (3922399)
[2025-05-27 15:09:13 +0000] [3922399] [INFO] Using worker: sync
[2025-05-27 15:09:13 +0000] [3922401] [INFO] Booting worker with pid: 3922401
[2025-05-27 15:09:13 +0000] [3922402] [INFO] Booting worker with pid: 3922402
[2025-05-27 15:09:13 +0000] [3922404] [INFO] Booting worker with pid: 3922404
[2025-05-27 15:20:54 +0000] [3922399] [INFO] Handling signal: term
[2025-05-27 15:20:54 +0000] [3922402] [INFO] Worker exiting (pid: 3922402)
[2025-05-27 15:20:54 +0000] [3922401] [INFO] Worker exiting (pid: 3922401)
[2025-05-27 15:20:54 +0000] [3922404] [INFO] Worker exiting (pid: 3922404)
[2025-05-27 15:20:55 +0000] [3922399] [INFO] Shutting down: Master
[2025-05-27 15:20:55 +0000] [3923034] [INFO] Starting gunicorn 23.0.0
[2025-05-27 15:20:55 +0000] [3923034] [INFO] Listening at: unix:/home/sargent/portfolio/portfolio.sock (3923034)
[2025-05-27 15:20:55 +0000] [3923034] [INFO] Using worker: sync
[2025-05-27 15:20:55 +0000] [3923037] [INFO] Booting worker with pid: 3923037
[2025-05-27 15:20:55 +0000] [3923038] [INFO] Booting worker with pid: 3923038
[2025-05-27 15:20:55 +0000] [3923039] [INFO] Booting worker with pid: 3923039
[2025-05-27 15:23:38 +0000] [3923034] [INFO] Handling signal: term
[2025-05-27 15:23:38 +0000] [3923037] [INFO] Worker exiting (pid: 3923037)
[2025-05-27 15:23:38 +0000] [3923039] [INFO] Worker exiting (pid: 3923039)
[2025-05-27 15:23:38 +0000] [3923038] [INFO] Worker exiting (pid: 3923038)
[2025-05-27 15:23:38 +0000] [3923034] [INFO] Shutting down: Master
[2025-05-27 15:23:39 +0000] [3923383] [INFO] Starting gunicorn 23.0.0
[2025-05-27 15:23:39 +0000] [3923383] [INFO] Listening at: unix:/home/sargent/portfolio/portfolio.sock (3923383)
[2025-05-27 15:23:39 +0000] [3923383] [INFO] Using worker: sync
[2025-05-27 15:23:39 +0000] [3923386] [INFO] Booting worker with pid: 3923386
[2025-05-27 15:23:39 +0000] [3923387] [INFO] Booting worker with pid: 3923387
[2025-05-27 15:23:39 +0000] [3923388] [INFO] Booting worker with pid: 3923388
[2025-05-27 15:26:10 +0000] [3923383] [INFO] Handling signal: term
[2025-05-27 15:26:10 +0000] [3923386] [INFO] Worker exiting (pid: 3923386)
[2025-05-27 15:26:10 +0000] [3923387] [INFO] Worker exiting (pid: 3923387)
[2025-05-27 15:26:10 +0000] [3923388] [INFO] Worker exiting (pid: 3923388)
[2025-05-27 15:26:11 +0000] [3923383] [INFO] Shutting down: Master
[2025-05-27 15:26:11 +0000] [3923581] [INFO] Starting gunicorn 23.0.0
[2025-05-27 15:26:11 +0000] [3923581] [INFO] Listening at: unix:/home/sargent/portfolio/portfolio.sock (3923581)
[2025-05-27 15:26:11 +0000] [3923581] [INFO] Using worker: sync
[2025-05-27 15:26:11 +0000] [3923585] [INFO] Booting worker with pid: 3923585
[2025-05-27 15:26:11 +0000] [3923586] [INFO] Booting worker with pid: 3923586
[2025-05-27 15:26:11 +0000] [3923587] [INFO] Booting worker with pid: 3923587
[2025-05-27 15:27:37 +0000] [3923581] [INFO] Handling signal: term
[2025-05-27 15:27:37 +0000] [3923585] [INFO] Worker exiting (pid: 3923585)
[2025-05-27 15:27:37 +0000] [3923586] [INFO] Worker exiting (pid: 3923586)
[2025-05-27 15:27:37 +0000] [3923587] [INFO] Worker exiting (pid: 3923587)
[2025-05-27 15:27:38 +0000] [3923581] [INFO] Shutting down: Master
[2025-05-27 15:27:38 +0000] [3923699] [INFO] Starting gunicorn 23.0.0
[2025-05-27 15:27:38 +0000] [3923699] [INFO] Listening at: unix:/home/sargent/portfolio/portfolio.sock (3923699)
[2025-05-27 15:27:38 +0000] [3923699] [INFO] Using worker: sync
[2025-05-27 15:27:38 +0000] [3923701] [INFO] Booting worker with pid: 3923701
[2025-05-27 15:27:38 +0000] [3923702] [INFO] Booting worker with pid: 3923702
[2025-05-27 15:27:38 +0000] [3923703] [INFO] Booting worker with pid: 3923703
[2025-05-27 15:28:51 +0000] [3923699] [INFO] Handling signal: term
[2025-05-27 15:28:51 +0000] [3923701] [INFO] Worker exiting (pid: 3923701)
[2025-05-27 15:28:51 +0000] [3923702] [INFO] Worker exiting (pid: 3923702)
[2025-05-27 15:28:51 +0000] [3923703] [INFO] Worker exiting (pid: 3923703)
[2025-05-27 15:28:51 +0000] [3923699] [INFO] Shutting down: Master
[2025-05-27 15:28:51 +0000] [3923772] [INFO] Starting gunicorn 23.0.0
[2025-05-27 15:28:51 +0000] [3923772] [INFO] Listening at: unix:/home/sargent/portfolio/portfolio.sock (3923772)
[2025-05-27 15:28:51 +0000] [3923772] [INFO] Using worker: sync
[2025-05-27 15:28:51 +0000] [3923776] [INFO] Booting worker with pid: 3923776
[2025-05-27 15:28:51 +0000] [3923777] [INFO] Booting worker with pid: 3923777
[2025-05-27 15:28:51 +0000] [3923778] [INFO] Booting worker with pid: 3923778
[2025-05-27 15:29:31 +0000] [3923772] [INFO] Handling signal: term
[2025-05-27 15:29:31 +0000] [3923778] [INFO] Worker exiting (pid: 3923778)
[2025-05-27 15:29:31 +0000] [3923776] [INFO] Worker exiting (pid: 3923776)
[2025-05-27 15:29:31 +0000] [3923777] [INFO] Worker exiting (pid: 3923777)
[2025-05-27 15:29:31 +0000] [3923772] [INFO] Shutting down: Master
[2025-05-27 15:29:31 +0000] [3923840] [INFO] Starting gunicorn 23.0.0
[2025-05-27 15:29:31 +0000] [3923840] [INFO] Listening at: unix:/home/sargent/portfolio/portfolio.sock (3923840)
[2025-05-27 15:29:31 +0000] [3923840] [INFO] Using worker: sync
[2025-05-27 15:29:31 +0000] [3923844] [INFO] Booting worker with pid: 3923844
[2025-05-27 15:29:31 +0000] [3923845] [INFO] Booting worker with pid: 3923845
[2025-05-27 15:29:31 +0000] [3923846] [INFO] Booting worker with pid: 3923846
[2025-05-27 15:31:20 +0000] [3923846] [INFO] Worker exiting (pid: 3923846)
[2025-05-27 15:31:20 +0000] [3923845] [INFO] Worker exiting (pid: 3923845)
[2025-05-27 15:31:20 +0000] [3923844] [INFO] Worker exiting (pid: 3923844)
[2025-05-27 15:31:20 +0000] [3923840] [INFO] Handling signal: term
[2025-05-27 15:31:20 +0000] [3923840] [ERROR] Worker (pid:3923845) was sent SIGTERM!
[2025-05-27 15:31:20 +0000] [3923840] [ERROR] Worker (pid:3923846) was sent SIGTERM!
[2025-05-27 15:31:20 +0000] [3923840] [ERROR] Worker (pid:3923844) was sent SIGTERM!
[2025-05-27 15:31:20 +0000] [3923840] [INFO] Shutting down: Master
[2025-05-27 15:31:20 +0000] [3924038] [INFO] Starting gunicorn 23.0.0
[2025-05-27 15:31:20 +0000] [3924038] [INFO] Listening at: unix:/home/sargent/portfolio/portfolio.sock (3924038)
[2025-05-27 15:31:20 +0000] [3924038] [INFO] Using worker: sync
[2025-05-27 15:31:20 +0000] [3924040] [INFO] Booting worker with pid: 3924040
[2025-05-27 15:31:20 +0000] [3924041] [INFO] Booting worker with pid: 3924041
[2025-05-27 15:31:20 +0000] [3924045] [INFO] Booting worker with pid: 3924045
[2025-05-27 15:32:30 +0000] [3924045] [INFO] Worker exiting (pid: 3924045)
[2025-05-27 15:32:30 +0000] [3924038] [INFO] Handling signal: term
[2025-05-27 15:32:30 +0000] [3924040] [INFO] Worker exiting (pid: 3924040)
[2025-05-27 15:32:30 +0000] [3924041] [INFO] Worker exiting (pid: 3924041)
[2025-05-27 15:32:30 +0000] [3924038] [ERROR] Worker (pid:3924045) was sent SIGTERM!
[2025-05-27 15:32:30 +0000] [3924038] [INFO] Shutting down: Master
[2025-05-27 15:32:30 +0000] [3924147] [INFO] Starting gunicorn 23.0.0
[2025-05-27 15:32:30 +0000] [3924147] [INFO] Listening at: unix:/home/sargent/portfolio/portfolio.sock (3924147)
[2025-05-27 15:32:30 +0000] [3924147] [INFO] Using worker: sync
[2025-05-27 15:32:30 +0000] [3924151] [INFO] Booting worker with pid: 3924151
[2025-05-27 15:32:30 +0000] [3924152] [INFO] Booting worker with pid: 3924152
[2025-05-27 15:32:30 +0000] [3924153] [INFO] Booting worker with pid: 3924153
[2025-05-27 15:35:18 +0000] [3924147] [INFO] Handling signal: term
[2025-05-27 15:35:18 +0000] [3924151] [INFO] Worker exiting (pid: 3924151)
[2025-05-27 15:35:18 +0000] [3924153] [INFO] Worker exiting (pid: 3924153)
[2025-05-27 15:35:18 +0000] [3924152] [INFO] Worker exiting (pid: 3924152)
[2025-05-27 15:35:19 +0000] [3924147] [INFO] Shutting down: Master
[2025-05-27 15:35:19 +0000] [3924335] [INFO] Starting gunicorn 23.0.0
[2025-05-27 15:35:19 +0000] [3924335] [INFO] Listening at: unix:/home/sargent/portfolio/portfolio.sock (3924335)
[2025-05-27 15:35:19 +0000] [3924335] [INFO] Using worker: sync
[2025-05-27 15:35:19 +0000] [3924339] [INFO] Booting worker with pid: 3924339
[2025-05-27 15:35:19 +0000] [3924340] [INFO] Booting worker with pid: 3924340
[2025-05-27 15:35:19 +0000] [3924341] [INFO] Booting worker with pid: 3924341
[2025-05-27 15:35:48 +0000] [3924341] [INFO] Worker exiting (pid: 3924341)
[2025-05-27 15:35:48 +0000] [3924339] [INFO] Worker exiting (pid: 3924339)
[2025-05-27 15:35:48 +0000] [3924340] [INFO] Worker exiting (pid: 3924340)
[2025-05-27 15:35:48 +0000] [3924335] [INFO] Handling signal: term
[2025-05-27 15:35:48 +0000] [3924335] [ERROR] Worker (pid:3924340) was sent SIGTERM!
[2025-05-27 15:35:48 +0000] [3924335] [ERROR] Worker (pid:3924341) was sent SIGTERM!
[2025-05-27 15:35:48 +0000] [3924335] [ERROR] Worker (pid:3924339) was sent SIGTERM!
[2025-05-27 15:35:48 +0000] [3924335] [INFO] Shutting down: Master
[2025-05-27 15:35:48 +0000] [3924414] [INFO] Starting gunicorn 23.0.0
[2025-05-27 15:35:48 +0000] [3924414] [INFO] Listening at: unix:/home/sargent/portfolio/portfolio.sock (3924414)
[2025-05-27 15:35:48 +0000] [3924414] [INFO] Using worker: sync
[2025-05-27 15:35:48 +0000] [3924416] [INFO] Booting worker with pid: 3924416
[2025-05-27 15:35:48 +0000] [3924417] [INFO] Booting worker with pid: 3924417
[2025-05-27 15:35:48 +0000] [3924418] [INFO] Booting worker with pid: 3924418
